[debug] [2025-08-03T07:43:52.224Z] ----------------------------------------------------------------------
[debug] [2025-08-03T07:43:52.233Z] Command:       C:\Program Files\nodejs\node.exe C:\Users\Nandha\AppData\Roaming\npm\node_modules\firebase-tools\lib\bin\firebase.js init
[debug] [2025-08-03T07:43:52.235Z] CLI Version:   14.11.2
[debug] [2025-08-03T07:43:52.236Z] Platform:      win32
[debug] [2025-08-03T07:43:52.236Z] Node Version:  v22.14.0
[debug] [2025-08-03T07:43:52.237Z] Time:          Sun Aug 03 2025 13:13:52 GMT+0530 (India Standard Time)
[debug] [2025-08-03T07:43:52.238Z] ----------------------------------------------------------------------
[debug] 
[debug] [2025-08-03T07:43:52.257Z] > command requires scopes: ["email","openid","https://www.googleapis.com/auth/cloudplatformprojects.readonly","https://www.googleapis.com/auth/firebase","https://www.googleapis.com/auth/cloud-platform"]
[debug] [2025-08-03T07:43:52.258Z] > authorizing via signed-in user (nandhaboogie.3355@gmail.com)
[info] 
     ######## #### ########  ######## ########     ###     ######  ########
     ##        ##  ##     ## ##       ##     ##  ##   ##  ##       ##
     ######    ##  ########  ######   ########  #########  ######  ######
     ##        ##  ##    ##  ##       ##     ## ##     ##       ## ##
     ##       #### ##     ## ######## ########  ##     ##  ######  ########

You're about to initialize a Firebase project in this directory:

  D:\Projects-github\suji

[info] 
=== Project Setup
[info] 
[info] First, let's associate this project directory with a Firebase project.
[info] You can create multiple project aliases by running firebase use --add, 
[info] but for now we'll just set up a default project.
[info] 
[debug] [2025-08-03T07:43:58.937Z] Checked if tokens are valid: true, expires at: 1754210007663
[debug] [2025-08-03T07:43:58.937Z] Checked if tokens are valid: true, expires at: 1754210007663
[debug] [2025-08-03T07:43:58.942Z] >>> [apiv2][query] GET https://firebase.googleapis.com/v1beta1/projects pageSize=100
[debug] [2025-08-03T07:44:00.146Z] <<< [apiv2][status] GET https://firebase.googleapis.com/v1beta1/projects 200
[debug] [2025-08-03T07:44:00.146Z] <<< [apiv2][body] GET https://firebase.googleapis.com/v1beta1/projects [omitted]
[info] i  Using project learning-platform-c3fc2 (Learning-Platform) 
[info] 
=== Hosting Setup
[debug] [2025-08-03T07:44:06.416Z] Checked if tokens are valid: true, expires at: 1754210007663
[debug] [2025-08-03T07:44:06.417Z] Checked if tokens are valid: true, expires at: 1754210007663
[debug] [2025-08-03T07:44:06.417Z] >>> [apiv2][query] GET https://firebase.googleapis.com/v1beta1/projects/learning-platform-c3fc2 [none]
[debug] [2025-08-03T07:44:08.024Z] <<< [apiv2][status] GET https://firebase.googleapis.com/v1beta1/projects/learning-platform-c3fc2 200
[debug] [2025-08-03T07:44:08.024Z] <<< [apiv2][body] GET https://firebase.googleapis.com/v1beta1/projects/learning-platform-c3fc2 {"projectId":"learning-platform-c3fc2","projectNumber":"194151573167","displayName":"Learning-Platform","name":"projects/learning-platform-c3fc2","resources":{"hostingSite":"learning-platform-c3fc2"},"state":"ACTIVE","etag":"1_5018c4c2-e091-48f8-9302-8a4d6b03d53a"}
[info] 
[info] Your public directory is the folder (relative to your project directory) that
[info] will contain Hosting assets to be uploaded with firebase deploy. If you
[info] have a build process for your assets, use your build's output directory.
[info] 
